Start testing: Apr 07 12:51 CEST
----------------------------------------------------------
1/1 Testing: test
1/1 Test: test
Command: "/home/gennart/Documents/MAI/Thesis/spn_sw/build/exe" "example/example_03.spn"
Directory: /home/gennart/Documents/MAI/Thesis/spn_sw/build
"test" start time: Apr 07 12:51 CEST
Output:
----------------------------------------------------------
example/example_03.spn
Network is decomposable : 0
Network is deterministic : 0
Network is smooth : 0
Max error posit : Max Posit value : 1.000000 	 Relative error : 0.001954
Min Posit value : 0.250000 	 Relative error : 0.001954
Max error float :Encoded : 1.000000 	 Relative Error : 0.257904
<end of output>
Test time =   0.00 sec
----------------------------------------------------------
Test Passed.
"test" end time: Apr 07 12:51 CEST
"test" time elapsed: 00:00:00
----------------------------------------------------------

End testing: Apr 07 12:51 CEST
